<?xml version="1.0" encoding="UTF-8"?>
<!-- Generated by org.testng.reporters.JUnitXMLReporter -->
<testsuite hostname="lap-5168" name="Default test" tests="3" failures="0" timestamp="3 May 2021 18:32:37 GMT" time="110.814" errors="0">
  <testcase name="Main" time="61.329" classname="Pages.TC_ProductPurchaseClass"/>
  <testcase name="searchproduct" time="5.012" classname="Pages.TC_ProductPurchaseClass"/>
  <testcase name="productpurchase" time="9.895" classname="Pages.TC_ProductPurchaseClass"/>
</testsuite> <!-- Default test -->
