<?xml version="1.0" encoding="UTF-8"?>
<testng-results skipped="0" failed="0" total="1" passed="1">
  <reporter-output>
  </reporter-output>
  <suite name="Surefire suite" duration-ms="14" started-at="2021-04-27T19:01:00Z" finished-at="2021-04-27T19:01:00Z">
    <groups>
    </groups>
    <test name="Surefire test" duration-ms="14" started-at="2021-04-27T19:01:00Z" finished-at="2021-04-27T19:01:00Z">
      <class name="TestNGFlipkartAssignment.TestNGFlipkartAssignment.AppTest">
        <test-method status="PASS" signature="testApp()[pri:0, instance:testApp(TestNGFlipkartAssignment.TestNGFlipkartAssignment.AppTest)]" name="testApp" duration-ms="7" started-at="2021-04-28T00:31:00Z" finished-at="2021-04-28T00:31:00Z">
          <reporter-output>
          </reporter-output>
        </test-method> <!-- testApp -->
      </class> <!-- TestNGFlipkartAssignment.TestNGFlipkartAssignment.AppTest -->
    </test> <!-- Surefire test -->
  </suite> <!-- Surefire suite -->
</testng-results>
