<?xml version="1.0" encoding="UTF-8"?>
<!-- Generated by org.testng.reporters.JUnitXMLReporter -->
<testsuite hostname="lap-5168" name="BrowserStack Test - Chrome" tests="3" failures="0" timestamp="3 May 2021 18:47:02 GMT" time="91.349" errors="0">
  <testcase name="Main" time="13.534" classname="Pages.TC_ProductPurchaseClass"/>
  <testcase name="searchproduct" time="41.707" classname="Pages.TC_ProductPurchaseClass"/>
  <testcase name="productpurchase" time="18.991" classname="Pages.TC_ProductPurchaseClass"/>
</testsuite> <!-- BrowserStack Test - Chrome -->
