<?xml version="1.0" encoding="UTF-8"?>
<!-- Generated by org.testng.reporters.JUnitXMLReporter -->
<testsuite hostname="lap-5168" name="BrowserStack Test - Chrome" tests="3" failures="0" timestamp="3 May 2021 18:16:56 GMT" time="47.344" errors="0">
  <testcase name="Main" time="13.253" classname="Pages.TC_ProductPurchaseClass"/>
  <testcase name="searchproduct" time="6.743" classname="Pages.TC_ProductPurchaseClass"/>
  <testcase name="productpurchase" time="16.055" classname="Pages.TC_ProductPurchaseClass"/>
</testsuite> <!-- BrowserStack Test - Chrome -->
